---------------------------------------
Resource Usage Report for top 

Mapping to part: ice40up5ksg48high-performance_1.2v
Cell usage:
CCU2_B          545 uses
FD1P3DZ         1261 uses
FD1P3IZ         200 uses
FD1P3JZ         43 uses
GND             13 uses
HSOSC           1 use
INV             74 uses
PDP4K           13 uses
SP256K          4 uses
VCC             13 uses
MAC16           3 uses
LUT4            3379 uses

I/O ports: 22
I/O primitives: 22
IB             15 uses
OB             6 uses
OBZ_B          1 use

I/O Register bits:                  0
Register bits not including I/Os:   1504 of 5280 (28%)

RAM/ROM usage summary
Block Rams : 13 of 30 (43%)


@S |Mapping Summary:
Total  LUTs: 3379 (63%)

Distribution of All Consumed LUTs = LUT4 
Distribution of All Consumed Luts 3379 = 3379 

