D:\APPS\lscc\iCEcube2.2017.08\synpbase\bin64\c_hdl.exe  -osyn  E:\upwork\gnarly_grey\GitHub\JPEG_Encoder\rtl_conversion\syn\jpeg_enc_ov7670_esp32\icecube2_proj\icecube2_proj_Implmnt\synwork\icecube2_proj_comp.srs  -hdllog  E:\upwork\gnarly_grey\GitHub\JPEG_Encoder\rtl_conversion\syn\jpeg_enc_ov7670_esp32\icecube2_proj\icecube2_proj_Implmnt\synlog\icecube2_proj_compiler.srr  -encrypt  -mp  4  -verification_mode 0  -verilog  -prodtype  synplify_pro  -primux -fixsmult -infer_seqShift -ice -sdff_counter -nram -divnmod -nostructver   -I E:\upwork\gnarly_grey\GitHub\JPEG_Encoder\rtl_conversion\syn\jpeg_enc_ov7670_esp32\icecube2_proj\  -I D:\APPS\lscc\iCEcube2.2017.08\synpbase\lib   -v2001  -devicelib  D:\APPS\lscc\iCEcube2.2017.08\synpbase\lib\generic\sb_ice40.v  -encrypt  -pro  -dmgen  E:\upwork\gnarly_grey\GitHub\JPEG_Encoder\rtl_conversion\syn\jpeg_enc_ov7670_esp32\icecube2_proj\icecube2_proj_Implmnt\dm  -ui -fid2 -ram -sharing on -ll 2000 -autosm  -lib work E:\upwork\gnarly_grey\GitHub\JPEG_Encoder\rtl_conversion\syn\jpeg_enc_ov7670_esp32\src\glue_logic\jpeg_data_to_spi.v -lib work E:\upwork\gnarly_grey\GitHub\JPEG_Encoder\rtl_conversion\syn\jpeg_enc_ov7670_esp32\src\glue_logic\jpeg_data_writer.v -lib work E:\upwork\gnarly_grey\GitHub\JPEG_Encoder\rtl_conversion\syn\jpeg_enc_ov7670_esp32\src\glue_logic\sc_fifo.v -lib work E:\upwork\gnarly_grey\GitHub\JPEG_Encoder\rtl_conversion\syn\jpeg_enc_ov7670_esp32\src\glue_logic\yuyv_to_yuv.v -lib work E:\upwork\gnarly_grey\GitHub\JPEG_Encoder\rtl_conversion\syn\jpeg_enc_ov7670_esp32\src\jpeg_enc\jpeg_enc.v -lib work E:\upwork\gnarly_grey\GitHub\JPEG_Encoder\rtl_conversion\syn\jpeg_enc_ov7670_esp32\src\jpeg_enc\jpeg_enc_dct.v -lib work E:\upwork\gnarly_grey\GitHub\JPEG_Encoder\rtl_conversion\syn\jpeg_enc_ov7670_esp32\src\jpeg_enc\jpeg_enc_mem.v -lib work E:\upwork\gnarly_grey\GitHub\JPEG_Encoder\rtl_conversion\syn\jpeg_enc_ov7670_esp32\src\ov7670_esp32\I2C_Interface.v -lib work E:\upwork\gnarly_grey\GitHub\JPEG_Encoder\rtl_conversion\syn\jpeg_enc_ov7670_esp32\src\ov7670_esp32\OV7670_Controller.v -lib work E:\upwork\gnarly_grey\GitHub\JPEG_Encoder\rtl_conversion\syn\jpeg_enc_ov7670_esp32\src\ov7670_esp32\OV7670_Registers.v -lib work E:\upwork\gnarly_grey\GitHub\JPEG_Encoder\rtl_conversion\syn\jpeg_enc_ov7670_esp32\src\ov7670_esp32\spi_slave.v -lib work E:\upwork\gnarly_grey\GitHub\JPEG_Encoder\rtl_conversion\syn\jpeg_enc_ov7670_esp32\src\ov7670_esp32\top_ice.v -lib work E:\upwork\gnarly_grey\GitHub\JPEG_Encoder\rtl_conversion\syn\jpeg_enc_ov7670_esp32\src\ov7670_esp32\up_spram_ice.v 
rc:0 success:1 runtime:1
file:E:\upwork\gnarly_grey\GitHub\JPEG_Encoder\rtl_conversion\syn\jpeg_enc_ov7670_esp32\icecube2_proj\icecube2_proj_Implmnt\synwork\icecube2_proj_comp.srs|io:o|time:1523437969|size:74271|exec:0
file:E:\upwork\gnarly_grey\GitHub\JPEG_Encoder\rtl_conversion\syn\jpeg_enc_ov7670_esp32\icecube2_proj\icecube2_proj_Implmnt\synlog\icecube2_proj_compiler.srr|io:o|time:1523438760|size:54530|exec:0
file:D:\APPS\lscc\iCEcube2.2017.08\synpbase\lib\generic\sb_ice40.v|io:i|time:1517801618|size:224837|exec:0
file:E:\upwork\gnarly_grey\GitHub\JPEG_Encoder\rtl_conversion\syn\jpeg_enc_ov7670_esp32\src\glue_logic\jpeg_data_to_spi.v|io:i|time:1523336486|size:7414|exec:0
file:E:\upwork\gnarly_grey\GitHub\JPEG_Encoder\rtl_conversion\syn\jpeg_enc_ov7670_esp32\src\glue_logic\jpeg_data_writer.v|io:i|time:1523098184|size:4540|exec:0
file:E:\upwork\gnarly_grey\GitHub\JPEG_Encoder\rtl_conversion\syn\jpeg_enc_ov7670_esp32\src\glue_logic\sc_fifo.v|io:i|time:1523437771|size:2426|exec:0
file:E:\upwork\gnarly_grey\GitHub\JPEG_Encoder\rtl_conversion\syn\jpeg_enc_ov7670_esp32\src\glue_logic\yuyv_to_yuv.v|io:i|time:1523012102|size:8901|exec:0
file:E:\upwork\gnarly_grey\GitHub\JPEG_Encoder\rtl_conversion\syn\jpeg_enc_ov7670_esp32\src\jpeg_enc\jpeg_enc.v|io:i|time:1523425717|size:63617|exec:0
file:E:\upwork\gnarly_grey\GitHub\JPEG_Encoder\rtl_conversion\syn\jpeg_enc_ov7670_esp32\src\jpeg_enc\jpeg_enc_dct.v|io:i|time:1522237274|size:14060|exec:0
file:E:\upwork\gnarly_grey\GitHub\JPEG_Encoder\rtl_conversion\syn\jpeg_enc_ov7670_esp32\src\jpeg_enc\jpeg_enc_mem.v|io:i|time:1523425216|size:5471|exec:0
file:E:\upwork\gnarly_grey\GitHub\JPEG_Encoder\rtl_conversion\syn\jpeg_enc_ov7670_esp32\src\ov7670_esp32\I2C_Interface.v|io:i|time:1513866168|size:8166|exec:0
file:E:\upwork\gnarly_grey\GitHub\JPEG_Encoder\rtl_conversion\syn\jpeg_enc_ov7670_esp32\src\ov7670_esp32\OV7670_Controller.v|io:i|time:1513866168|size:2649|exec:0
file:E:\upwork\gnarly_grey\GitHub\JPEG_Encoder\rtl_conversion\syn\jpeg_enc_ov7670_esp32\src\ov7670_esp32\OV7670_Registers.v|io:i|time:1513866168|size:6096|exec:0
file:E:\upwork\gnarly_grey\GitHub\JPEG_Encoder\rtl_conversion\syn\jpeg_enc_ov7670_esp32\src\ov7670_esp32\spi_slave.v|io:i|time:1523426021|size:5001|exec:0
file:E:\upwork\gnarly_grey\GitHub\JPEG_Encoder\rtl_conversion\syn\jpeg_enc_ov7670_esp32\src\ov7670_esp32\top_ice.v|io:i|time:1523434802|size:8708|exec:0
file:E:\upwork\gnarly_grey\GitHub\JPEG_Encoder\rtl_conversion\syn\jpeg_enc_ov7670_esp32\src\ov7670_esp32\up_spram_ice.v|io:i|time:1523434840|size:4731|exec:0
file:D:\APPS\lscc\iCEcube2.2017.08\synpbase\bin\c_hdl.exe|io:i|time:1517801611|size:1338368|exec:1
file:D:\APPS\lscc\iCEcube2.2017.08\synpbase\bin64\c_hdl.exe|io:i|time:1517801614|size:1754112|exec:1
