# Waveform file 'e:/upwork/gnarly_grey/GitHub/JPEG_Encoder/rtl_conversion/sim/jpeg_enc_w_gluelogic/jpeg_enc_w_gluelogic/src/test.awc' connected to 'e:/upwork/gnarly_grey/GitHub/JPEG_Encoder/rtl_conversion/sim/jpeg_enc_w_gluelogic/jpeg_enc_w_gluelogic/src/wave.asdb'.
# Warning: Cannot display signals from waveform file (AWC). The file does not match associated simulation database (ASDB).
# Warning: Open 'e:/upwork/gnarly_grey/GitHub/JPEG_Encoder/rtl_conversion/sim/jpeg_enc_w_gluelogic/jpeg_enc_w_gluelogic/src/wave.asdb' file to view simulation results.
# ELBREAD: Elaboration process.
# ELBREAD: Warning: Module 'jpeg_enc_mem' does not have a `timescale directive, but previous modules do.
# ELBREAD: Warning: Module 'jpeg_enc_dct' does not have a `timescale directive, but previous modules do.
# ELBREAD: Elaboration time 0.0 [s].
asim -O5 +access +r tb_jpeg_enc_w_gluelogic
# ELBREAD: Elaboration process.
# ELBREAD: Warning: Module 'jpeg_enc_mem' does not have a `timescale directive, but previous modules do.
# ELBREAD: Warning: Module 'jpeg_enc_dct' does not have a `timescale directive, but previous modules do.
# ELBREAD: Elaboration time 0.0 [s].
# VSIM: Stack memory: 32MB
# VSIM: Retval memory: 32MB
# 
# KERNEL: Main thread initiated.
# KERNEL: Kernel process initialization phase.
# KERNEL: Time resolution set to 1ns.
# ELAB2: Elaboration final pass...
# KERNEL: PLI/VHPI kernel's engine initialization done.
# PLI: Loading library 'D:\APPS\lscc\diamond\3.10_x64\active-hdl\bin\systf.dll'
# ELAB2: Create instances ...
# ELAB2: Create instances complete.
# SLP: Started
# SLP: Finished. Using existing simulator library
# SLP: 0 primitives and 136 (100.00%) other processes in SLP
# SLP: 324 (95.58%) signals in SLP and 14 (4.13%) interface signals
# ELAB2: Elaboration final pass complete - time: 1.1 [s].
# KERNEL: SLP loading done - time: 0.3 [s].
# KERNEL: Warning: You are using the Active-HDL Lattice Edition. The performance of simulation is running at a reduced rate.
# KERNEL: Warning: Contact Aldec for available upgrade options - sales@aldec.com.
# KERNEL: SLP simulation initialization done - time: 0.1 [s].
# KERNEL: Kernel process initialization done.
# Allocation: Simulator allocated 6066 kB (elbread=1280 elab2=4629 kernel=156 sdf=0)
# KERNEL: ASDB file was created in location e:\upwork\gnarly_grey\GitHub\JPEG_Encoder\rtl_conversion\sim\jpeg_enc_w_gluelogic\jpeg_enc_w_gluelogic\src\wave.asdb
#  09:32, 25 April 2018
#  Simulation has been initialized
# Waveform file 'e:/upwork/gnarly_grey/GitHub/JPEG_Encoder/rtl_conversion/sim/jpeg_enc_w_gluelogic/jpeg_enc_w_gluelogic/src/test.awc' connected to 'e:/upwork/gnarly_grey/GitHub/JPEG_Encoder/rtl_conversion/sim/jpeg_enc_w_gluelogic/jpeg_enc_w_gluelogic/src/wave.asdb'.
runscript {E:\upwork\gnarly_grey\GitHub\JPEG_Encoder\rtl_conversion\sim\jpeg_enc_w_gluelogic\jpeg_enc_w_gluelogic\src\wave.do}
onerror { resume }
transcript off
# 37 signal(s) traced.
# 34 signal(s) traced.
# 105 signal(s) traced.
# 23 signal(s) traced.
# 30 signal(s) traced.
run 10 us
# KERNEL: stopped at time: 10 us
# add wave -noreg {/tb_jpeg_enc_w_gluelogic/je/ram_rom/du_ram}
# 1 signal(s) traced.
endsim
# VSIM: Simulation has finished.
# ELBREAD: Elaboration process.
# ELBREAD: Warning: Module 'jpeg_enc_mem' does not have a `timescale directive, but previous modules do.
# ELBREAD: Warning: Module 'jpeg_enc_dct' does not have a `timescale directive, but previous modules do.
# ELBREAD: Elaboration time 0.0 [s].
asim -O5 +access +r tb_jpeg_enc_w_gluelogic
# ELBREAD: Elaboration process.
# ELBREAD: Warning: Module 'jpeg_enc_mem' does not have a `timescale directive, but previous modules do.
# ELBREAD: Warning: Module 'jpeg_enc_dct' does not have a `timescale directive, but previous modules do.
# ELBREAD: Elaboration time 0.0 [s].
# VSIM: Stack memory: 32MB
# VSIM: Retval memory: 32MB
# 
# KERNEL: Main thread initiated.
# KERNEL: Kernel process initialization phase.
# KERNEL: Time resolution set to 1ns.
# ELAB2: Elaboration final pass...
# KERNEL: PLI/VHPI kernel's engine initialization done.
# PLI: Loading library 'D:\APPS\lscc\diamond\3.10_x64\active-hdl\bin\systf.dll'
# ELAB2: Create instances ...
# ELAB2: Create instances complete.
# SLP: Started
# SLP: Finished. Using existing simulator library
# SLP: 0 primitives and 136 (100.00%) other processes in SLP
# SLP: 324 (95.58%) signals in SLP and 14 (4.13%) interface signals
# ELAB2: Elaboration final pass complete - time: 0.1 [s].
# KERNEL: SLP loading done - time: 0.0 [s].
# KERNEL: Warning: You are using the Active-HDL Lattice Edition. The performance of simulation is running at a reduced rate.
# KERNEL: Warning: Contact Aldec for available upgrade options - sales@aldec.com.
# KERNEL: SLP simulation initialization done - time: 0.0 [s].
# KERNEL: Kernel process initialization done.
# Allocation: Simulator allocated 6066 kB (elbread=1280 elab2=4629 kernel=156 sdf=0)
# KERNEL: ASDB file was created in location e:\upwork\gnarly_grey\GitHub\JPEG_Encoder\rtl_conversion\sim\jpeg_enc_w_gluelogic\jpeg_enc_w_gluelogic\src\wave.asdb
#  09:43, 25 April 2018
#  Simulation has been initialized
# Waveform file 'e:/upwork/gnarly_grey/GitHub/JPEG_Encoder/rtl_conversion/sim/jpeg_enc_w_gluelogic/jpeg_enc_w_gluelogic/src/test.awc' connected to 'e:/upwork/gnarly_grey/GitHub/JPEG_Encoder/rtl_conversion/sim/jpeg_enc_w_gluelogic/jpeg_enc_w_gluelogic/src/wave.asdb'.
run
# KERNEL: Conversion Done
# RUNTIME: Info: RUNTIME_0068 tb_jpeg_enc_w_gluelogic.v (240): $finish called.
# KERNEL: Time: 36026495 ns,  Iteration: 0,  Instance: /tb_jpeg_enc_w_gluelogic,  Process: @ALWAYS#146,219,234_8@.
# KERNEL: stopped at time: 36026495 ns
# VSIM: Simulation has finished. There are no more test vectors to simulate.
restart
# ELBREAD: Elaboration process.
# ELBREAD: Warning: Module 'jpeg_enc_mem' does not have a `timescale directive, but previous modules do.
# ELBREAD: Warning: Module 'jpeg_enc_dct' does not have a `timescale directive, but previous modules do.
# ELBREAD: Elaboration time 0.0 [s].
# 
# KERNEL: Main thread initiated.
# KERNEL: Kernel process initialization phase.
# KERNEL: Time resolution set to 1ns.
# ELAB2: Elaboration final pass...
# KERNEL: PLI/VHPI kernel's engine initialization done.
# PLI: Loading library 'D:\APPS\lscc\diamond\3.10_x64\active-hdl\bin\systf.dll'
# ELAB2: Create instances ...
# ELAB2: Create instances complete.
# SLP: Started
# SLP: Finished. Using existing simulator library
# SLP: 0 primitives and 136 (100.00%) other processes in SLP
# SLP: 324 (95.58%) signals in SLP and 14 (4.13%) interface signals
# ELAB2: Elaboration final pass complete - time: 0.0 [s].
# KERNEL: SLP loading done - time: 0.0 [s].
# KERNEL: Warning: You are using the Active-HDL Lattice Edition. The performance of simulation is running at a reduced rate.
# KERNEL: Warning: Contact Aldec for available upgrade options - sales@aldec.com.
# KERNEL: SLP simulation initialization done - time: 0.0 [s].
# KERNEL: Kernel process initialization done.
# Allocation: Simulator allocated 6066 kB (elbread=1280 elab2=4629 kernel=156 sdf=0)
# KERNEL: ASDB file was created in location e:\upwork\gnarly_grey\GitHub\JPEG_Encoder\rtl_conversion\sim\jpeg_enc_w_gluelogic\jpeg_enc_w_gluelogic\src\wave.asdb
#  09:53, 25 April 2018
#  Simulation has been initialized
# Waveform file 'e:/upwork/gnarly_grey/GitHub/JPEG_Encoder/rtl_conversion/sim/jpeg_enc_w_gluelogic/jpeg_enc_w_gluelogic/src/test.awc' connected to 'e:/upwork/gnarly_grey/GitHub/JPEG_Encoder/rtl_conversion/sim/jpeg_enc_w_gluelogic/jpeg_enc_w_gluelogic/src/wave.asdb'.
runscript {E:\upwork\gnarly_grey\GitHub\JPEG_Encoder\rtl_conversion\sim\jpeg_enc_w_gluelogic\jpeg_enc_w_gluelogic\src\wave.do}
onerror { resume }
transcript off
# 37 signal(s) traced.
# 34 signal(s) traced.
# 105 signal(s) traced.
# 23 signal(s) traced.
# 30 signal(s) traced.
run 10 us
# KERNEL: stopped at time: 10 us
run 1 us
# KERNEL: stopped at time: 11 us
run 1 us
# KERNEL: stopped at time: 12 us
restart
# ELBREAD: Elaboration process.
# ELBREAD: Warning: Module 'jpeg_enc_mem' does not have a `timescale directive, but previous modules do.
# ELBREAD: Warning: Module 'jpeg_enc_dct' does not have a `timescale directive, but previous modules do.
# ELBREAD: Elaboration time 0.0 [s].
# 
# KERNEL: Main thread initiated.
# KERNEL: Kernel process initialization phase.
# KERNEL: Time resolution set to 1ns.
# ELAB2: Elaboration final pass...
# KERNEL: PLI/VHPI kernel's engine initialization done.
# PLI: Loading library 'D:\APPS\lscc\diamond\3.10_x64\active-hdl\bin\systf.dll'
# ELAB2: Create instances ...
# ELAB2: Create instances complete.
# SLP: Started
# SLP: Finished. Using existing simulator library
# SLP: 0 primitives and 136 (100.00%) other processes in SLP
# SLP: 324 (95.58%) signals in SLP and 14 (4.13%) interface signals
# ELAB2: Elaboration final pass complete - time: 0.0 [s].
# KERNEL: SLP loading done - time: 0.0 [s].
# KERNEL: Warning: You are using the Active-HDL Lattice Edition. The performance of simulation is running at a reduced rate.
# KERNEL: Warning: Contact Aldec for available upgrade options - sales@aldec.com.
# KERNEL: SLP simulation initialization done - time: 0.0 [s].
# KERNEL: Kernel process initialization done.
# Allocation: Simulator allocated 6066 kB (elbread=1280 elab2=4629 kernel=156 sdf=0)
# KERNEL: ASDB file was created in location e:\upwork\gnarly_grey\GitHub\JPEG_Encoder\rtl_conversion\sim\jpeg_enc_w_gluelogic\jpeg_enc_w_gluelogic\src\wave.asdb
#  10:01, 25 April 2018
#  Simulation has been initialized
# Waveform file 'e:/upwork/gnarly_grey/GitHub/JPEG_Encoder/rtl_conversion/sim/jpeg_enc_w_gluelogic/jpeg_enc_w_gluelogic/src/test.awc' connected to 'e:/upwork/gnarly_grey/GitHub/JPEG_Encoder/rtl_conversion/sim/jpeg_enc_w_gluelogic/jpeg_enc_w_gluelogic/src/wave.asdb'.
# add wave -noreg {/tb_jpeg_enc_w_gluelogic/je/dct/c_state}
# add wave -noreg {/tb_jpeg_enc_w_gluelogic/je/dct/n_state}
# add wave -noreg {/tb_jpeg_enc_w_gluelogic/je/dct/du_idx}
# add wave -noreg {/tb_jpeg_enc_w_gluelogic/je/dct/dctdu_w_idx}
# add wave -noreg {/tb_jpeg_enc_w_gluelogic/je/dct/dctdu_w_idx_fl}
# add wave -noreg {/tb_jpeg_enc_w_gluelogic/je/dct/dctdu_r_idx}
# add wave -noreg {/tb_jpeg_enc_w_gluelogic/je/dct/dctdu_w_en}
# add wave -noreg {/tb_jpeg_enc_w_gluelogic/je/dct/dctdu_w_d}
# add wave -noreg {/tb_jpeg_enc_w_gluelogic/je/dct/tmp_du_w_idx}
# add wave -noreg {/tb_jpeg_enc_w_gluelogic/je/dct/vertical_scan}
# add wave -noreg {/tb_jpeg_enc_w_gluelogic/je/dct/vertical_scan_fl}
# add wave -noreg {/tb_jpeg_enc_w_gluelogic/je/dct/e_conv_reg}
# add wave -noreg {/tb_jpeg_enc_w_gluelogic/je/dct/tmp_du}
# add wave -noreg {/tb_jpeg_enc_w_gluelogic/je/dct/tmp0}
# add wave -noreg {/tb_jpeg_enc_w_gluelogic/je/dct/tmp1}
# add wave -noreg {/tb_jpeg_enc_w_gluelogic/je/dct/tmp2}
# add wave -noreg {/tb_jpeg_enc_w_gluelogic/je/dct/tmp3}
# add wave -noreg {/tb_jpeg_enc_w_gluelogic/je/dct/tmp4}
# add wave -noreg {/tb_jpeg_enc_w_gluelogic/je/dct/tmp5}
# add wave -noreg {/tb_jpeg_enc_w_gluelogic/je/dct/tmp6}
# add wave -noreg {/tb_jpeg_enc_w_gluelogic/je/dct/tmp7}
# add wave -noreg {/tb_jpeg_enc_w_gluelogic/je/dct/tmp10}
# add wave -noreg {/tb_jpeg_enc_w_gluelogic/je/dct/tmp11}
# add wave -noreg {/tb_jpeg_enc_w_gluelogic/je/dct/tmp12}
# add wave -noreg {/tb_jpeg_enc_w_gluelogic/je/dct/tmp13}
# add wave -noreg {/tb_jpeg_enc_w_gluelogic/je/dct/tmp20}
# add wave -noreg {/tb_jpeg_enc_w_gluelogic/je/dct/tmp21}
# add wave -noreg {/tb_jpeg_enc_w_gluelogic/je/dct/tmp22}
# add wave -noreg {/tb_jpeg_enc_w_gluelogic/je/dct/last_du_element}
# add wave -noreg {/tb_jpeg_enc_w_gluelogic/je/dct/last_dctdu_element}
# add wave -noreg {/tb_jpeg_enc_w_gluelogic/je/dct/change_scan}
# add wave -noreg {/tb_jpeg_enc_w_gluelogic/je/dct/clk}
# add wave -noreg {/tb_jpeg_enc_w_gluelogic/je/dct/reset_n}
# add wave -noreg {/tb_jpeg_enc_w_gluelogic/je/dct/s_conv}
# add wave -noreg {/tb_jpeg_enc_w_gluelogic/je/dct/du_ram_a}
# add wave -noreg {/tb_jpeg_enc_w_gluelogic/je/dct/du_ram_d}
# add wave -noreg {/tb_jpeg_enc_w_gluelogic/je/dct/dctdu_ram_aw}
# add wave -noreg {/tb_jpeg_enc_w_gluelogic/je/dct/dctdu_ram_we}
# add wave -noreg {/tb_jpeg_enc_w_gluelogic/je/dct/dctdu_ram_do}
# add wave -noreg {/tb_jpeg_enc_w_gluelogic/je/dct/dctdu_ram_ar}
# add wave -noreg {/tb_jpeg_enc_w_gluelogic/je/dct/dctdu_ram_di}
# add wave -noreg {/tb_jpeg_enc_w_gluelogic/je/dct/e_conv}
# 42 signal(s) traced.
run 1 us
# KERNEL: stopped at time: 1 us
run 1 us
# KERNEL: stopped at time: 2 us
run 1 us
# KERNEL: stopped at time: 3 us
run 1 us
# KERNEL: stopped at time: 4 us
run 1 us
# KERNEL: stopped at time: 5 us
run 1 us
# KERNEL: stopped at time: 6 us
run 1 us
# KERNEL: stopped at time: 7 us
run 1 us
# KERNEL: stopped at time: 8 us
run
# KERNEL: Conversion Done
# RUNTIME: Info: RUNTIME_0068 tb_jpeg_enc_w_gluelogic.v (240): $finish called.
# KERNEL: Time: 36026495 ns,  Iteration: 0,  Instance: /tb_jpeg_enc_w_gluelogic,  Process: @ALWAYS#146,219,234_8@.
# KERNEL: stopped at time: 36026495 ns
# VSIM: Simulation has finished. There are no more test vectors to simulate.
