---------------------------------------
Resource Usage Report for top 

Mapping to part: ice40up5ksg48
Cell usage:
GND             12 uses
SB_CARRY        846 uses
SB_DFF          348 uses
SB_DFFE         888 uses
SB_DFFESR       69 uses
SB_DFFESS       31 uses
SB_DFFSR        35 uses
SB_DFFSS        1 use
SB_GB           6 uses
SB_HFOSC        1 use
SB_RAM1024x4    2 uses
SB_RAM256x16    6 uses
SB_RAM512x8     4 uses
SB_SPRAM256KA   4 uses
VCC             12 uses
SB_MAC16            11 uses
  MULTONLY  8 uses
  MULTADD  3 uses
SB_LUT4         3878 uses

I/O ports: 22
I/O primitives: 21
SB_GB_IO       1 use
SB_IO          20 uses

I/O Register bits:                  0
Register bits not including I/Os:   1372 (25%)

RAM/ROM usage summary
Block Rams : 12 of 30 (40%)


@S |Mapping Summary:
Total  LUTs: 3878 (73%)

Distribution of All Consumed LUTs = LUT4 
Distribution of All Consumed Luts 3878 = 3878 

