alog -O2 -sve -msg 5 -sv2k12 -work jpeg_enc_synrtl $dsn/src/jpeg_enc_tb.v
# Pass 1. Scanning modules hierarchy.
# Info: VCP2113 Module \$root found in current working library.
# Info: VCP2113 Module jpeg_enc found in current working library.
# Pass 2. Processing instantiations.
# Info: VCP2618 jpeg_enc_tb.v : (16, 19): Array size is greater than 2^24 bits: frame_buf reg[7:0]$[2359295:0].
# Pass 3. Processing behavioral statements.
# Info: VCP2618 jpeg_enc_tb.v : (16, 19): Array size is greater than 2^24 bits: frame_buf reg[7:0]$[2359295:0].
# Parameters in case labels, will not check for overlapping labels (E:/upwork/gnarly_grey/GitHub/JPEG_Encoder/rtl_conversion/sim/jpeg_enc_synrtl/jpeg_enc_synrtl/jpeg_enc_synrtl/src/jpeg_enc_tb.v, ln 81).
# Running Optimizer.
# ELB/DAG code generating.
# Info: VCP2113 Module \$root found in current working library.
# Unit top modules: jpeg_enc_tb.
# $root top modules: jpeg_enc_tb.
# Compile success 0 Errors 0 Warnings  Analysis time: 1[s].
# Warning: ALOG: The source is compiled without the -dbg switch. Line breakpoints and assertion debug will not be available.
# done
alog -O2 -sve -msg 5 -sv2k12 -work jpeg_enc_synrtl $dsn/src/jpeg_enc.v
# Pass 1. Scanning modules hierarchy.
# Info: VCP2113 Module \$root found in current working library.
# Info: VCP2113 Module jpeg_enc_mem found in current working library.
# Info: VCP2113 Module jpeg_enc_dct found in current working library.
# Pass 2. Processing instantiations.
# Pass 3. Processing behavioral statements.
# Parameters in case labels, will not check for overlapping labels (E:/upwork/gnarly_grey/GitHub/JPEG_Encoder/rtl_conversion/sim/jpeg_enc_synrtl/jpeg_enc_synrtl/jpeg_enc_synrtl/src/jpeg_enc.v, ln 298).
# Parameters in case labels, will not check for overlapping labels (E:/upwork/gnarly_grey/GitHub/JPEG_Encoder/rtl_conversion/sim/jpeg_enc_synrtl/jpeg_enc_synrtl/jpeg_enc_synrtl/src/jpeg_enc.v, ln 474).
# Parameters in case labels, will not check for overlapping labels (E:/upwork/gnarly_grey/GitHub/JPEG_Encoder/rtl_conversion/sim/jpeg_enc_synrtl/jpeg_enc_synrtl/jpeg_enc_synrtl/src/jpeg_enc.v, ln 988).
# Parameters in case labels, will not check for overlapping labels (E:/upwork/gnarly_grey/GitHub/JPEG_Encoder/rtl_conversion/sim/jpeg_enc_synrtl/jpeg_enc_synrtl/jpeg_enc_synrtl/src/jpeg_enc.v, ln 1009).
# Parameters in case labels, will not check for overlapping labels (E:/upwork/gnarly_grey/GitHub/JPEG_Encoder/rtl_conversion/sim/jpeg_enc_synrtl/jpeg_enc_synrtl/jpeg_enc_synrtl/src/jpeg_enc.v, ln 1052).
# Parameters in case labels, will not check for overlapping labels (E:/upwork/gnarly_grey/GitHub/JPEG_Encoder/rtl_conversion/sim/jpeg_enc_synrtl/jpeg_enc_synrtl/jpeg_enc_synrtl/src/jpeg_enc.v, ln 1102).
# Parameters in case labels, will not check for overlapping labels (E:/upwork/gnarly_grey/GitHub/JPEG_Encoder/rtl_conversion/sim/jpeg_enc_synrtl/jpeg_enc_synrtl/jpeg_enc_synrtl/src/jpeg_enc.v, ln 1257).
# Parameters in case labels, will not check for overlapping labels (E:/upwork/gnarly_grey/GitHub/JPEG_Encoder/rtl_conversion/sim/jpeg_enc_synrtl/jpeg_enc_synrtl/jpeg_enc_synrtl/src/jpeg_enc.v, ln 1368).
# Parameters in case labels, will not check for overlapping labels (E:/upwork/gnarly_grey/GitHub/JPEG_Encoder/rtl_conversion/sim/jpeg_enc_synrtl/jpeg_enc_synrtl/jpeg_enc_synrtl/src/jpeg_enc.v, ln 1396).
# Parameters in case labels, will not check for overlapping labels (E:/upwork/gnarly_grey/GitHub/JPEG_Encoder/rtl_conversion/sim/jpeg_enc_synrtl/jpeg_enc_synrtl/jpeg_enc_synrtl/src/jpeg_enc.v, ln 1429).
# Parameters in case labels, will not check for overlapping labels (E:/upwork/gnarly_grey/GitHub/JPEG_Encoder/rtl_conversion/sim/jpeg_enc_synrtl/jpeg_enc_synrtl/jpeg_enc_synrtl/src/jpeg_enc.v, ln 1483).
# Parameters in case labels, will not check for overlapping labels (E:/upwork/gnarly_grey/GitHub/JPEG_Encoder/rtl_conversion/sim/jpeg_enc_synrtl/jpeg_enc_synrtl/jpeg_enc_synrtl/src/jpeg_enc.v, ln 1505).
# Running Optimizer.
# ELB/DAG code generating.
# Info: VCP2113 Module \$root found in current working library.
# $root top modules: jpeg_enc_tb.
# Compile success 0 Errors 0 Warnings  Analysis time: 0[s].
# Warning: ALOG: The source is compiled without the -dbg switch. Line breakpoints and assertion debug will not be available.
# done
alog -O2 -sve -msg 5 -sv2k12 -work jpeg_enc_synrtl $dsn/src/jpeg_enc_mem.v
# Pass 1. Scanning modules hierarchy.
# Info: VCP2113 Module \$root found in current working library.
# Pass 2. Processing instantiations.
# Pass 3. Processing behavioral statements.
# Running Optimizer.
# ELB/DAG code generating.
# Info: VCP2113 Module \$root found in current working library.
# $root top modules: jpeg_enc_tb.
# Compile success 0 Errors 0 Warnings  Analysis time: 0[s].
# Warning: ALOG: The source is compiled without the -dbg switch. Line breakpoints and assertion debug will not be available.
# done
alog -O2 -sve -msg 5 -sv2k12 -work jpeg_enc_synrtl $dsn/src/jpeg_enc_dct.v
# Pass 1. Scanning modules hierarchy.
# Info: VCP2113 Module \$root found in current working library.
# Pass 2. Processing instantiations.
# Pass 3. Processing behavioral statements.
# Parameters in case labels, will not check for overlapping labels (E:/upwork/gnarly_grey/GitHub/JPEG_Encoder/rtl_conversion/sim/jpeg_enc_synrtl/jpeg_enc_synrtl/jpeg_enc_synrtl/src/jpeg_enc_dct.v, ln 76).
# Parameters in case labels, will not check for overlapping labels (E:/upwork/gnarly_grey/GitHub/JPEG_Encoder/rtl_conversion/sim/jpeg_enc_synrtl/jpeg_enc_synrtl/jpeg_enc_synrtl/src/jpeg_enc_dct.v, ln 122).
# Parameters in case labels, will not check for overlapping labels (E:/upwork/gnarly_grey/GitHub/JPEG_Encoder/rtl_conversion/sim/jpeg_enc_synrtl/jpeg_enc_synrtl/jpeg_enc_synrtl/src/jpeg_enc_dct.v, ln 134).
# Parameters in case labels, will not check for overlapping labels (E:/upwork/gnarly_grey/GitHub/JPEG_Encoder/rtl_conversion/sim/jpeg_enc_synrtl/jpeg_enc_synrtl/jpeg_enc_synrtl/src/jpeg_enc_dct.v, ln 164).
# Parameters in case labels, will not check for overlapping labels (E:/upwork/gnarly_grey/GitHub/JPEG_Encoder/rtl_conversion/sim/jpeg_enc_synrtl/jpeg_enc_synrtl/jpeg_enc_synrtl/src/jpeg_enc_dct.v, ln 223).
# Parameters in case labels, will not check for overlapping labels (E:/upwork/gnarly_grey/GitHub/JPEG_Encoder/rtl_conversion/sim/jpeg_enc_synrtl/jpeg_enc_synrtl/jpeg_enc_synrtl/src/jpeg_enc_dct.v, ln 287).
# Parameters in case labels, will not check for overlapping labels (E:/upwork/gnarly_grey/GitHub/JPEG_Encoder/rtl_conversion/sim/jpeg_enc_synrtl/jpeg_enc_synrtl/jpeg_enc_synrtl/src/jpeg_enc_dct.v, ln 334).
# Parameters in case labels, will not check for overlapping labels (E:/upwork/gnarly_grey/GitHub/JPEG_Encoder/rtl_conversion/sim/jpeg_enc_synrtl/jpeg_enc_synrtl/jpeg_enc_synrtl/src/jpeg_enc_dct.v, ln 363).
# Running Optimizer.
# ELB/DAG code generating.
# Info: VCP2113 Module \$root found in current working library.
# $root top modules: jpeg_enc_tb.
# Compile success 0 Errors 0 Warnings  Analysis time: 0[s].
# Warning: ALOG: The source is compiled without the -dbg switch. Line breakpoints and assertion debug will not be available.
# done
# ELBREAD: Elaboration process.
# ELBREAD: Warning: Module 'jpeg_enc_mem' does not have a `timescale directive, but previous modules do.
# ELBREAD: Warning: Module 'jpeg_enc_dct' does not have a `timescale directive, but previous modules do.
# ELBREAD: Elaboration time 0.0 [s].
asim -O5 +access +r jpeg_enc_tb
# ELBREAD: Elaboration process.
# ELBREAD: Warning: Module 'jpeg_enc_mem' does not have a `timescale directive, but previous modules do.
# ELBREAD: Warning: Module 'jpeg_enc_dct' does not have a `timescale directive, but previous modules do.
# ELBREAD: Elaboration time 0.0 [s].
# VSIM: Stack memory: 32MB
# VSIM: Retval memory: 32MB
# 
# KERNEL: Main thread initiated.
# KERNEL: Kernel process initialization phase.
# KERNEL: Time resolution set to 1ns.
# ELAB2: Elaboration final pass...
# KERNEL: PLI/VHPI kernel's engine initialization done.
# PLI: Loading library 'D:\APPS\lscc\diamond\3.10_x64\active-hdl\bin\systf.dll'
# ELAB2: Create instances ...
# ELAB2: Create instances complete.
# SLP: Started
# SLP: Elaboration phase ...
# SLP: Elaboration phase ... done : 0.1 [s]
# SLP: Generation phase ...
# SLP: Generation phase ... done : 2.2 [s]
# SLP: Finished : 2.4 [s]
# SLP: 0 primitives and 98 (100.00%) other processes in SLP
# SLP: 196 (93.33%) signals in SLP and 13 (6.19%) interface signals
# ELAB2: Elaboration final pass complete - time: 3.4 [s].
# KERNEL: SLP loading done - time: 0.0 [s].
# KERNEL: Warning: You are using the Active-HDL Lattice Edition. The performance of simulation is running at a reduced rate.
# KERNEL: Warning: Contact Aldec for available upgrade options - sales@aldec.com.
# KERNEL: SLP simulation initialization done - time: 0.0 [s].
# KERNEL: Kernel process initialization done.
# Allocation: Simulator allocated 10335 kB (elbread=1280 elab2=8902 kernel=152 sdf=0)
# KERNEL: ASDB file was created in location E:\upwork\gnarly_grey\GitHub\JPEG_Encoder\rtl_conversion\sim\jpeg_enc_synrtl\jpeg_enc_synrtl\jpeg_enc_synrtl\src\wave.asdb
#  17:06, 28 March 2018
#  Simulation has been initialized
run 765000 us
endsim
# KERNEL: stopped at time: 150775030 ns
# VSIM: Simulation has finished.
alog -O2 -sve -msg 5 -sv2k12 -work jpeg_enc_synrtl $dsn/src/jpeg_enc_dct.v
# Pass 1. Scanning modules hierarchy.
# Info: VCP2113 Module \$root found in current working library.
# Pass 2. Processing instantiations.
# Pass 3. Processing behavioral statements.
# Parameters in case labels, will not check for overlapping labels (E:/upwork/gnarly_grey/GitHub/JPEG_Encoder/rtl_conversion/sim/jpeg_enc_synrtl/jpeg_enc_synrtl/jpeg_enc_synrtl/src/jpeg_enc_dct.v, ln 76).
# Parameters in case labels, will not check for overlapping labels (E:/upwork/gnarly_grey/GitHub/JPEG_Encoder/rtl_conversion/sim/jpeg_enc_synrtl/jpeg_enc_synrtl/jpeg_enc_synrtl/src/jpeg_enc_dct.v, ln 122).
# Parameters in case labels, will not check for overlapping labels (E:/upwork/gnarly_grey/GitHub/JPEG_Encoder/rtl_conversion/sim/jpeg_enc_synrtl/jpeg_enc_synrtl/jpeg_enc_synrtl/src/jpeg_enc_dct.v, ln 134).
# Parameters in case labels, will not check for overlapping labels (E:/upwork/gnarly_grey/GitHub/JPEG_Encoder/rtl_conversion/sim/jpeg_enc_synrtl/jpeg_enc_synrtl/jpeg_enc_synrtl/src/jpeg_enc_dct.v, ln 164).
# Parameters in case labels, will not check for overlapping labels (E:/upwork/gnarly_grey/GitHub/JPEG_Encoder/rtl_conversion/sim/jpeg_enc_synrtl/jpeg_enc_synrtl/jpeg_enc_synrtl/src/jpeg_enc_dct.v, ln 223).
# Parameters in case labels, will not check for overlapping labels (E:/upwork/gnarly_grey/GitHub/JPEG_Encoder/rtl_conversion/sim/jpeg_enc_synrtl/jpeg_enc_synrtl/jpeg_enc_synrtl/src/jpeg_enc_dct.v, ln 287).
# Parameters in case labels, will not check for overlapping labels (E:/upwork/gnarly_grey/GitHub/JPEG_Encoder/rtl_conversion/sim/jpeg_enc_synrtl/jpeg_enc_synrtl/jpeg_enc_synrtl/src/jpeg_enc_dct.v, ln 334).
# Parameters in case labels, will not check for overlapping labels (E:/upwork/gnarly_grey/GitHub/JPEG_Encoder/rtl_conversion/sim/jpeg_enc_synrtl/jpeg_enc_synrtl/jpeg_enc_synrtl/src/jpeg_enc_dct.v, ln 363).
# Running Optimizer.
# ELB/DAG code generating.
# Info: VCP2113 Module \$root found in current working library.
# $root top modules: jpeg_enc_tb.
# Compile success 0 Errors 0 Warnings  Analysis time: 0[s].
# Warning: ALOG: The source is compiled without the -dbg switch. Line breakpoints and assertion debug will not be available.
# done
# ELBREAD: Elaboration process.
# ELBREAD: Warning: Module 'jpeg_enc_mem' does not have a `timescale directive, but previous modules do.
# ELBREAD: Warning: Module 'jpeg_enc_dct' does not have a `timescale directive, but previous modules do.
# ELBREAD: Elaboration time 0.0 [s].
asim -O5 +access +r jpeg_enc_tb
# ELBREAD: Elaboration process.
# ELBREAD: Warning: Module 'jpeg_enc_mem' does not have a `timescale directive, but previous modules do.
# ELBREAD: Warning: Module 'jpeg_enc_dct' does not have a `timescale directive, but previous modules do.
# ELBREAD: Elaboration time 0.0 [s].
# VSIM: Stack memory: 32MB
# VSIM: Retval memory: 32MB
# 
# KERNEL: Main thread initiated.
# KERNEL: Kernel process initialization phase.
# KERNEL: Time resolution set to 1ns.
# ELAB2: Elaboration final pass...
# KERNEL: PLI/VHPI kernel's engine initialization done.
# PLI: Loading library 'D:\APPS\lscc\diamond\3.10_x64\active-hdl\bin\systf.dll'
# ELAB2: Create instances ...
# ELAB2: Create instances complete.
# SLP: Started
# SLP: Elaboration phase ...
# SLP: Elaboration phase ... done : 0.0 [s]
# SLP: Generation phase ...
# SLP: Generation phase ... done : 1.2 [s]
# SLP: Finished : 1.3 [s]
# SLP: 0 primitives and 98 (100.00%) other processes in SLP
# SLP: 196 (93.33%) signals in SLP and 13 (6.19%) interface signals
# ELAB2: Elaboration final pass complete - time: 1.4 [s].
# KERNEL: SLP loading done - time: 0.0 [s].
# KERNEL: Warning: You are using the Active-HDL Lattice Edition. The performance of simulation is running at a reduced rate.
# KERNEL: Warning: Contact Aldec for available upgrade options - sales@aldec.com.
# KERNEL: SLP simulation initialization done - time: 0.0 [s].
# KERNEL: Kernel process initialization done.
# Allocation: Simulator allocated 10335 kB (elbread=1280 elab2=8902 kernel=152 sdf=0)
# KERNEL: ASDB file was created in