all messages logged in file E:/upwork/gnarly_grey/GitHub/JPEG_Encoder/rtl_conversion/syn/jpeg_enc_ov7670_esp32/radiant_proj/impl_1/reveal_error.log
Analyzing Verilog file E:/upwork/gnarly_grey/GitHub/JPEG_Encoder/rtl_conversion/syn/jpeg_enc_ov7670_esp32/radiant_proj/impl_1/reveal_workspace/tmpreveal/top_reveal_coretop.v (VERI-1482)
Analyzing Verilog file E:/upwork/gnarly_grey/GitHub/JPEG_Encoder/rtl_conversion/syn/jpeg_enc_ov7670_esp32/src/glue_logic/jpeg_data_to_spi.v (VERI-1482)
Analyzing Verilog file E:/upwork/gnarly_grey/GitHub/JPEG_Encoder/rtl_conversion/syn/jpeg_enc_ov7670_esp32/src/glue_logic/jpeg_data_writer.v (VERI-1482)
Analyzing Verilog file E:/upwork/gnarly_grey/GitHub/JPEG_Encoder/rtl_conversion/syn/jpeg_enc_ov7670_esp32/src/glue_logic/sc_fifo.v (VERI-1482)
Analyzing Verilog file E:/upwork/gnarly_grey/GitHub/JPEG_Encoder/rtl_conversion/syn/jpeg_enc_ov7670_esp32/src/glue_logic/yuyv_to_yuv.v (VERI-1482)
Analyzing Verilog file E:/upwork/gnarly_grey/GitHub/JPEG_Encoder/rtl_conversion/syn/jpeg_enc_ov7670_esp32/src/jpeg_enc/jpeg_enc.v (VERI-1482)
Analyzing Verilog file E:/upwork/gnarly_grey/GitHub/JPEG_Encoder/rtl_conversion/syn/jpeg_enc_ov7670_esp32/src/jpeg_enc/jpeg_enc_dct.v (VERI-1482)
Analyzing Verilog file E:/upwork/gnarly_grey/GitHub/JPEG_Encoder/rtl_conversion/syn/jpeg_enc_ov7670_esp32/src/jpeg_enc/jpeg_enc_mem.v (VERI-1482)
Analyzing Verilog file E:/upwork/gnarly_grey/GitHub/JPEG_Encoder/rtl_conversion/syn/jpeg_enc_ov7670_esp32/src/ov7670_esp32/I2C_Interface.v (VERI-1482)
Analyzing Verilog file E:/upwork/gnarly_grey/GitHub/JPEG_Encoder/rtl_conversion/syn/jpeg_enc_ov7670_esp32/src/ov7670_esp32/OV7670_Controller.v (VERI-1482)
Analyzing Verilog file E:/upwork/gnarly_grey/GitHub/JPEG_Encoder/rtl_conversion/syn/jpeg_enc_ov7670_esp32/src/ov7670_esp32/OV7670_Registers.v (VERI-1482)
Analyzing Verilog file E:/upwork/gnarly_grey/GitHub/JPEG_Encoder/rtl_conversion/syn/jpeg_enc_ov7670_esp32/src/ov7670_esp32/spi_slave.v (VERI-1482)
Analyzing Verilog file E:/upwork/gnarly_grey/GitHub/JPEG_Encoder/rtl_conversion/syn/jpeg_enc_ov7670_esp32/src/ov7670_esp32/top.v (VERI-1482)
Analyzing Verilog file E:/upwork/gnarly_grey/GitHub/JPEG_Encoder/rtl_conversion/syn/jpeg_enc_ov7670_esp32/src/ov7670_esp32/up_spram.v (VERI-1482)
Analyzing Verilog file E:/upwork/gnarly_grey/GitHub/JPEG_Encoder/rtl_conversion/syn/jpeg_enc_ov7670_esp32/src/glue_logic/sc_fifo_32.v (VERI-1482)
INFO: E:/upwork/gnarly_grey/GitHub/JPEG_Encoder/rtl_conversion/syn/jpeg_enc_ov7670_esp32/src/ov7670_esp32/top.v(23): compiling module top (VERI-1018)
INFO: E:/upwork/gnarly_grey/GitHub/JPEG_Encoder/rtl_conversion/syn/jpeg_enc_ov7670_esp32/src/ov7670_esp32/top.v(423): elaborating module 'top' (VERI-9000)
INFO: E:/upwork/gnarly_grey/GitHub/JPEG_Encoder/rtl_conversion/syn/jpeg_enc_ov7670_esp32/src/ov7670_esp32/up_spram.v(124): elaborating module 'up_spram_uniq_1' (VERI-9000)
INFO: E:/upwork/gnarly_grey/GitHub/JPEG_Encoder/rtl_conversion/syn/jpeg_enc_ov7670_esp32/src/ov7670_esp32/OV7670_Controller.v(66): elaborating module 'OV7670_Controller_uniq_1' (VERI-9000)
INFO: E:/upwork/gnarly_grey/GitHub/JPEG_Encoder/rtl_conversion/syn/jpeg_enc_ov7670_esp32/src/glue_logic/yuyv_to_yuv.v(426): elaborating module 'yuyv_to_yuv_uniq_1' (VERI-9000)
INFO: E:/upwork/gnarly_grey/GitHub/JPEG_Encoder/rtl_conversion/syn/jpeg_enc_ov7670_esp32/src/jpeg_enc/jpeg_enc.v(1577): elaborating module 'jpeg_enc_uniq_1' (VERI-9000)
INFO: E:/upwork/gnarly_grey/GitHub/JPEG_Encoder/rtl_conversion/syn/jpeg_enc_ov7670_esp32/src/glue_logic/jpeg_data_writer.v(161): elaborating module 'jpeg_data_writer_uniq_1' (VERI-9000)
INFO: E:/upwork/gnarly_grey/GitHub/JPEG_Encoder/rtl_conversion/syn/jpeg_enc_ov7670_esp32/src/glue_logic/sc_fifo_32.v(127): elaborating module 'sc_fifo_32_uniq_1' (VERI-9000)
INFO: E:/upwork/gnarly_grey/GitHub/JPEG_Encoder/rtl_conversion/syn/jpeg_enc_ov7670_esp32/src/glue_logic/jpeg_data_to_spi.v(294): elaborating module 'jpeg_data_to_spi_uniq_1' (VERI-9000)
INFO: E:/upwork/gnarly_grey/GitHub/JPEG_Encoder/rtl_conversion/syn/jpeg_enc_ov7670_esp32/src/ov7670_esp32/spi_slave.v(188): elaborating module 'spi_slave_uniq_1' (VERI-9000)
INFO: E:/upwork/gnarly_grey/GitHub/JPEG_Encoder/rtl_conversion/syn/jpeg_enc_ov7670_esp32/src/ov7670_esp32/OV7670_Registers.v(147): elaborating module 'OV7670_Registers_uniq_1' (VERI-9000)
INFO: E:/upwork/gnarly_grey/GitHub/JPEG_Encoder/rtl_conversion/syn/jpeg_enc_ov7670_esp32/src/ov7670_esp32/I2C_Interface.v(171): elaborating module 'I2C_Interface_uniq_1' (VERI-9000)
INFO: E:/upwork/gnarly_grey/GitHub/JPEG_Encoder/rtl_conversion/syn/jpeg_enc_ov7670_esp32/src/glue_logic/sc_fifo.v(127): elaborating module 'sc_fifo_uniq_1' (VERI-9000)
INFO: E:/upwork/gnarly_grey/GitHub/JPEG_Encoder/rtl_conversion/syn/jpeg_enc_ov7670_esp32/src/jpeg_enc/jpeg_enc_mem.v(208): elaborating module 'jpeg_enc_mem_uniq_1' (VERI-9000)
INFO: E:/upwork/gnarly_grey/GitHub/JPEG_Encoder/rtl_conversion/syn/jpeg_enc_ov7670_esp32/src/jpeg_enc/jpeg_enc_dct.v(437): elaborating module 'jpeg_enc_dct_uniq_1' (VERI-9000)
Pretty printing all modules in library work to file E:/upwork/gnarly_grey/GitHub/JPEG_Encoder/rtl_conversion/syn/jpeg_enc_ov7670_esp32/radiant_proj/impl_1/reveal_workspace/tmpreveal/top_rvl.v (VERI-1491)
