Running in Lattice mode


Starting:    D:\APPS\lscc\iCEcube2.2017.08\synpbase\bin64\mbin\synbatch.exe
Install:     D:\APPS\lscc\iCEcube2.2017.08\synpbase
Hostname:    KV-DL5480
Date:        Wed Apr 11 14:55:59 2018
Version:     L-2016.09L+ice40

Arguments:   -product synplify_pro -batch icecube2_proj_syn.prj
ProductType: synplify_pro





auto_infer_blackbox is not supported in current product.

log file: "E:\upwork\gnarly_grey\GitHub\JPEG_Encoder\rtl_conversion\syn\jpeg_enc_ov7670_esp32\icecube2_proj\icecube2_proj_Implmnt\icecube2_proj.srr"

Running: icecube2_proj_Implmnt in foreground



Running icecube2_proj_syn|icecube2_proj_Implmnt


Running: compile (Compile) on icecube2_proj_syn|icecube2_proj_Implmnt
# Wed Apr 11 14:55:59 2018


Running: compile_flow (Compile Process) on icecube2_proj_syn|icecube2_proj_Implmnt
# Wed Apr 11 14:55:59 2018


Running: compiler (Compile Input) on icecube2_proj_syn|icecube2_proj_Implmnt
# Wed Apr 11 14:55:59 2018


compiler completed
# Wed Apr 11 14:56:00 2018

Return Code: 0
Run Time:00h:00m:01s


Running: multi_srs_gen (Multi-srs Generator) on icecube2_proj_syn|icecube2_proj_Implmnt
# Wed Apr 11 14:56:00 2018

Up-To-Date: multi_srs_gen. No run necessary

Complete: Compile Process on icecube2_proj_syn|icecube2_proj_Implmnt


Running: premap (Pre-mapping) on icecube2_proj_syn|icecube2_proj_Implmnt
# Wed Apr 11 14:56:00 2018


premap completed with warnings
# Wed Apr 11 14:56:01 2018

Return Code: 1
Run Time:00h:00m:01s

Complete: Compile on icecube2_proj_syn|icecube2_proj_Implmnt


Running: map (Map) on icecube2_proj_syn|icecube2_proj_Implmnt
# Wed Apr 11 14:56:01 2018

License granted for 4 parallel jobs


Running: fpga_mapper (Map & Optimize) on icecube2_proj_syn|icecube2_proj_Implmnt
# Wed Apr 11 14:56:01 2018

Copied E:\upwork\gnarly_grey\GitHub\JPEG_Encoder\rtl_conversion\syn\jpeg_enc_ov7670_esp32\icecube2_proj\icecube2_proj_Implmnt\synwork\icecube2_proj_m.srm to E:\upwork\gnarly_grey\GitHub\JPEG_Encoder\rtl_conversion\syn\jpeg_enc_ov7670_esp32\icecube2_proj\icecube2_proj_Implmnt\icecube2_proj.srm


fpga_mapper completed with warnings
# Wed Apr 11 14:56:18 2018

Return Code: 1
Run Time:00h:00m:17s

Complete: Map on icecube2_proj_syn|icecube2_proj_Implmnt

Complete: Logic Synthesis on icecube2_proj_syn|icecube2_proj_Implmnt

exit status=0

exit status=0

